2026-07-01 21:15:17 [INFO] daily_posts: 开始抓取期刊: IEEE Microwave and Wireless Technology Letters (punumber=9944983)
2026-07-01 21:15:18 [INFO] daily_posts: 加载期刊主页: https://ieeexplore.ieee.org/xpl/RecentIssue.jsp?punumber=9944983
2026-07-01 21:15:39 [INFO] daily_posts: 已点击 Early Access 标签
2026-07-01 21:16:04 [INFO] daily_posts: 从列表页解析到 25 个文档号
2026-07-01 21:16:04 [INFO] daily_posts: 期刊 IEEE Microwave and Wireless Technology Letters 共发现 2 篇 Early Access 文章
2026-07-01 21:16:32 [INFO] daily_posts: [1/2] 已获取: Performance and Stability of D-Band Power Amplifiers Based o
2026-07-01 21:16:54 [INFO] daily_posts: [2/2] 已获取: Reconfigurable Wideband Microstrip Power Combiner/Splitter D
2026-07-01 21:16:54 [INFO] daily_posts: 期刊 IEEE Microwave and Wireless Technology Letters 抓取完成，成功 2 篇
2026-07-01 21:17:04 [INFO] daily_posts: 开始抓取期刊: IEEE Microwave and Wireless Technology Letters (punumber=9944983)
2026-07-01 21:17:05 [INFO] daily_posts: 加载期刊主页: https://ieeexplore.ieee.org/xpl/RecentIssue.jsp?punumber=9944983
2026-07-01 21:17:31 [INFO] daily_posts: 已点击 Early Access 标签
2026-07-01 21:17:41 [INFO] daily_posts: 从列表页解析到 25 个文档号
2026-07-01 21:17:41 [INFO] daily_posts: 期刊 IEEE Microwave and Wireless Technology Letters 共发现 2 篇 Early Access 文章
2026-07-01 21:18:06 [WARNING] daily_posts: 无法提取元数据: 11589354
2026-07-01 21:18:06 [WARNING] daily_posts: [1/2] 获取失败: 11589354
2026-07-01 21:18:51 [INFO] daily_posts: [2/2] 已获取: Reconfigurable Wideband Microstrip Power Combiner/Splitter D
2026-07-01 21:18:51 [INFO] daily_posts: 期刊 IEEE Microwave and Wireless Technology Letters 抓取完成，成功 1 篇
2026-07-01 21:18:54 [INFO] daily_posts: 将发送 1 条企业微信消息
2026-07-01 21:18:54 [ERROR] daily_posts: 企业微信消息 1 发送失败: 企业微信返回错误: {'errcode': 93000, 'errmsg': 'invalid webhook url, hint: [1782911931022870212031347], from ip: 122.227.213.176, more info at https://open.work.weixin.qq.com/devtool/query?e=93000'}
2026-07-01 21:19:24 [INFO] daily_posts: 开始抓取期刊: IEEE Microwave and Wireless Technology Letters (punumber=9944983)
2026-07-01 21:19:25 [INFO] daily_posts: 加载期刊主页: https://ieeexplore.ieee.org/xpl/RecentIssue.jsp?punumber=9944983
2026-07-01 21:20:03 [WARNING] daily_posts: 未找到 Early Access 标签，尝试直接提取当前页文档链接
2026-07-01 21:20:28 [INFO] daily_posts: 从列表页解析到 5 个文档号
2026-07-01 21:20:28 [INFO] daily_posts: 期刊 IEEE Microwave and Wireless Technology Letters 共发现 2 篇 Early Access 文章
2026-07-01 21:20:51 [INFO] daily_posts: [1/2] 已获取: AI-Assisted Deep-Learning-Based Design of High-Efficiency Cl
2026-07-01 21:21:12 [INFO] daily_posts: [2/2] 已获取: A 24-to-30-GHz GaN MMIC Doherty Power Amplifier Using Reduce
2026-07-01 21:21:13 [INFO] daily_posts: 期刊 IEEE Microwave and Wireless Technology Letters 抓取完成，成功 2 篇
2026-07-01 21:22:09 [INFO] daily_posts: 开始抓取期刊: IEEE Microwave and Wireless Technology Letters (punumber=9944983)
2026-07-01 21:22:10 [INFO] daily_posts: 加载期刊主页: https://ieeexplore.ieee.org/xpl/RecentIssue.jsp?punumber=9944983
2026-07-01 21:22:38 [INFO] daily_posts: 已点击 Early Access 标签
2026-07-01 21:22:41 [INFO] daily_posts: 从列表页解析到 25 个文档号
2026-07-01 21:22:41 [INFO] daily_posts: 期刊 IEEE Microwave and Wireless Technology Letters 共发现 3 篇 Early Access 文章
2026-07-01 21:23:05 [INFO] daily_posts: [1/3] 已获取: Performance and Stability of D-Band Power Amplifiers Based o
2026-07-01 21:23:15 [INFO] daily_posts: [2/3] 已获取: Reconfigurable Wideband Microstrip Power Combiner/Splitter D
2026-07-01 21:23:32 [INFO] daily_posts: [3/3] 已获取: Microheater Overhead Phase-Change Material RF Switch
2026-07-01 21:23:32 [INFO] daily_posts: 期刊 IEEE Microwave and Wireless Technology Letters 抓取完成，成功 3 篇
2026-07-01 21:25:23 [INFO] daily_posts: ==================================================
2026-07-01 21:25:23 [INFO] daily_posts: IEEE Early Access 日报任务启动
2026-07-01 21:25:23 [INFO] daily_posts: 开始抓取期刊: IEEE Microwave and Wireless Technology Letters (punumber=9944983)
2026-07-01 21:25:24 [INFO] daily_posts: 加载期刊主页: https://ieeexplore.ieee.org/xpl/RecentIssue.jsp?punumber=9944983
2026-07-01 21:25:57 [INFO] daily_posts: 已点击 Early Access 标签
2026-07-01 21:26:19 [INFO] daily_posts: 从列表页解析到 25 个文档号
2026-07-01 21:26:19 [INFO] daily_posts: 期刊 IEEE Microwave and Wireless Technology Letters 共发现 25 篇 Early Access 文章
2026-07-01 21:26:42 [INFO] daily_posts: [1/25] 已获取: Performance and Stability of D-Band Power Amplifiers Based o
2026-07-01 21:26:53 [INFO] daily_posts: [2/25] 已获取: Reconfigurable Wideband Microstrip Power Combiner/Splitter D
2026-07-01 21:27:08 [INFO] daily_posts: [3/25] 已获取: Microheater Overhead Phase-Change Material RF Switch
2026-07-01 21:27:20 [INFO] daily_posts: [4/25] 已获取: A New RNN Model for Digital Predistortion: Unlocking Low Com
2026-07-01 21:27:36 [INFO] daily_posts: [5/25] 已获取: A Low-Cost 60-GHz Flip-Chip-Assembled OOK Transceiver in 90-
2026-07-01 21:27:47 [INFO] daily_posts: [6/25] 已获取: A 110–170-GHz Subharmonic Mixer With Low LO Drive Power and 
2026-07-01 21:28:05 [INFO] daily_posts: [7/25] 已获取: A Novel PCE Approach for Uncertainty Quantification of Multi
2026-07-01 21:28:18 [INFO] daily_posts: [8/25] 已获取: Compact Self-Shielded Filter Based on Perturbed Folded Subst
2026-07-01 21:28:33 [INFO] daily_posts: [9/25] 已获取: A 1-MHz Pulse Repetition Frequency Wideband GaN Pulsed Power
2026-07-01 21:28:45 [INFO] daily_posts: [10/25] 已获取: Frequency Reconfigurable Circularly Polarized Resonator for 
2026-07-01 21:29:01 [INFO] daily_posts: [11/25] 已获取: Reconfigurable Dual-Band Negative Group-Delay Circuit With I
2026-07-01 21:29:13 [INFO] daily_posts: [12/25] 已获取: Microstrip Slow-Wave Transmission Line With Low-Complexity Z
2026-07-01 21:29:29 [INFO] daily_posts: [13/25] 已获取: A 15.9–40.2 GHz Power Amplifier With Gain-Preshaping Capacit
2026-07-01 21:29:42 [INFO] daily_posts: [14/25] 已获取: A DC-to-30-GHz 0.8-dB Insertion Loss Band-Divided SPDT Switc
2026-07-01 21:29:57 [INFO] daily_posts: [15/25] 已获取: A 31–50-GHz CMOS Low-Noise Amplifier With Three-Stage Gm-Boo
2026-07-01 21:30:10 [INFO] daily_posts: [16/25] 已获取: Deterministic Initialization for Improved Convergence of NTL
2026-07-01 21:30:23 [INFO] daily_posts: [17/25] 已获取: A THz High-Isolation Radial Power Combiner Based on a Multip
2026-07-01 21:30:40 [INFO] daily_posts: [18/25] 已获取: Miniature Dual-Band Balanced Quadrature Coupler With High Co
2026-07-01 21:30:51 [INFO] daily_posts: [19/25] 已获取: Custom Two-Port VNA Design and Operation as a Synchronizatio
2026-07-01 21:31:08 [INFO] daily_posts: [20/25] 已获取: A 6–12-GHz Wideband Noise-Canceling CMOS LNA Chip With Dual-
2026-07-01 21:31:19 [INFO] daily_posts: [21/25] 已获取: Compact 250–325-GHz Vector Modulators for 2-D-Scalable Phase
2026-07-01 21:31:35 [INFO] daily_posts: [22/25] 已获取: Improving Microwave Heating Uniformity by Inserting a Spark-
2026-07-01 21:31:47 [INFO] daily_posts: [23/25] 已获取: A 110–135-GHz Ultracompact True Time Delay With Low Delay Va
2026-07-01 21:32:05 [INFO] daily_posts: [24/25] 已获取: Balanced Wideband Filtering Phase Shifter With Low Phase Dev
2026-07-01 21:32:15 [INFO] daily_posts: [25/25] 已获取: A Co-Designed ESD Protection and Bypass Circuit for Wideband
2026-07-01 21:32:16 [INFO] daily_posts: 期刊 IEEE Microwave and Wireless Technology Letters 抓取完成，成功 25 篇
2026-07-01 21:32:16 [INFO] daily_posts: 期刊 IEEE Microwave and Wireless Technology Letters: 抓取 25 篇，新增 25 篇
2026-07-01 21:33:31 [INFO] daily_posts: 将发送 6 条企业微信消息
2026-07-01 21:33:31 [INFO] daily_posts: 企业微信消息 1/6 发送成功
2026-07-01 21:33:31 [INFO] daily_posts: 企业微信消息 2/6 发送成功
2026-07-01 21:33:32 [INFO] daily_posts: 企业微信消息 3/6 发送成功
2026-07-01 21:33:32 [INFO] daily_posts: 企业微信消息 4/6 发送成功
2026-07-01 21:33:32 [INFO] daily_posts: 企业微信消息 5/6 发送成功
2026-07-01 21:33:32 [INFO] daily_posts: 企业微信消息 6/6 发送成功
2026-07-01 21:33:32 [INFO] daily_posts: 任务完成
2026-07-01 21:43:17 [INFO] daily_posts: ==================================================
2026-07-01 21:43:17 [INFO] daily_posts: IEEE Early Access 日报任务启动
2026-07-01 21:43:17 [INFO] daily_posts: 开始抓取期刊: IEEE Microwave and Wireless Technology Letters (punumber=9944983)
2026-07-01 21:43:17 [INFO] daily_posts: 加载期刊主页: https://ieeexplore.ieee.org/xpl/RecentIssue.jsp?punumber=9944983
2026-07-01 21:43:40 [INFO] daily_posts: 已点击 Early Access 标签
2026-07-01 21:43:43 [INFO] daily_posts: 从列表页解析到 25 个文档号
2026-07-01 21:43:43 [INFO] daily_posts: 期刊 IEEE Microwave and Wireless Technology Letters 共发现 25 篇 Early Access 文章
2026-07-01 21:44:07 [INFO] daily_posts: [1/25] 已获取: Performance and Stability of D-Band Power Amplifiers Based o
2026-07-01 21:44:27 [INFO] daily_posts: [2/25] 已获取: Reconfigurable Wideband Microstrip Power Combiner/Splitter D
2026-07-01 21:44:48 [INFO] daily_posts: [3/25] 已获取: Microheater Overhead Phase-Change Material RF Switch
2026-07-01 21:45:09 [INFO] daily_posts: [4/25] 已获取: A New RNN Model for Digital Predistortion: Unlocking Low Com
2026-07-01 21:45:29 [INFO] daily_posts: [5/25] 已获取: A Low-Cost 60-GHz Flip-Chip-Assembled OOK Transceiver in 90-
2026-07-01 21:45:50 [INFO] daily_posts: [6/25] 已获取: A 110–170-GHz Subharmonic Mixer With Low LO Drive Power and 
2026-07-01 21:46:02 [INFO] daily_posts: [7/25] 已获取: A Novel PCE Approach for Uncertainty Quantification of Multi
2026-07-01 21:46:19 [INFO] daily_posts: [8/25] 已获取: Compact Self-Shielded Filter Based on Perturbed Folded Subst
2026-07-01 21:46:40 [INFO] daily_posts: [9/25] 已获取: A 1-MHz Pulse Repetition Frequency Wideband GaN Pulsed Power
2026-07-01 21:47:00 [INFO] daily_posts: [10/25] 已获取: Frequency Reconfigurable Circularly Polarized Resonator for 
2026-07-01 21:47:21 [INFO] daily_posts: [11/25] 已获取: Reconfigurable Dual-Band Negative Group-Delay Circuit With I
2026-07-01 21:54:07 [INFO] daily_posts: ==================================================
2026-07-01 21:54:07 [INFO] daily_posts: IEEE Early Access 日报任务启动
2026-07-01 21:54:07 [INFO] daily_posts: 开始抓取期刊: IEEE Microwave and Wireless Technology Letters (punumber=9944983)
2026-07-01 21:54:08 [INFO] daily_posts: 加载期刊主页: https://ieeexplore.ieee.org/xpl/RecentIssue.jsp?punumber=9944983
2026-07-01 21:54:31 [INFO] daily_posts: 已点击 Early Access 标签
2026-07-01 21:54:34 [INFO] daily_posts: 从列表页解析到 25 个文档号
2026-07-01 21:54:34 [INFO] daily_posts: 期刊 IEEE Microwave and Wireless Technology Letters 共发现 25 篇 Early Access 文章
2026-07-01 21:54:59 [INFO] daily_posts: [1/25] 已获取: Performance and Stability of D-Band Power Amplifiers Based o
2026-07-01 21:55:20 [INFO] daily_posts: [2/25] 已获取: Reconfigurable Wideband Microstrip Power Combiner/Splitter D
2026-07-01 21:55:42 [INFO] daily_posts: [3/25] 已获取: Microheater Overhead Phase-Change Material RF Switch
2026-07-01 21:56:04 [INFO] daily_posts: [4/25] 已获取: A New RNN Model for Digital Predistortion: Unlocking Low Com
2026-07-01 21:56:24 [INFO] daily_posts: [5/25] 已获取: A Low-Cost 60-GHz Flip-Chip-Assembled OOK Transceiver in 90-
2026-07-01 21:56:45 [INFO] daily_posts: [6/25] 已获取: A 110–170-GHz Subharmonic Mixer With Low LO Drive Power and 
2026-07-01 21:56:56 [INFO] daily_posts: [7/25] 已获取: A Novel PCE Approach for Uncertainty Quantification of Multi
2026-07-01 21:57:11 [INFO] daily_posts: [8/25] 已获取: Compact Self-Shielded Filter Based on Perturbed Folded Subst
2026-07-01 21:57:32 [INFO] daily_posts: [9/25] 已获取: A 1-MHz Pulse Repetition Frequency Wideband GaN Pulsed Power
2026-07-01 21:57:54 [INFO] daily_posts: [10/25] 已获取: Frequency Reconfigurable Circularly Polarized Resonator for 
2026-07-01 21:58:15 [INFO] daily_posts: [11/25] 已获取: Reconfigurable Dual-Band Negative Group-Delay Circuit With I
2026-07-01 21:58:36 [INFO] daily_posts: [12/25] 已获取: Microstrip Slow-Wave Transmission Line With Low-Complexity Z
2026-07-01 21:58:58 [INFO] daily_posts: [13/25] 已获取: A 15.9–40.2 GHz Power Amplifier With Gain-Preshaping Capacit
2026-07-01 21:59:08 [INFO] daily_posts: [14/25] 已获取: A DC-to-30-GHz 0.8-dB Insertion Loss Band-Divided SPDT Switc
2026-07-01 21:59:22 [INFO] daily_posts: [15/25] 已获取: A 31–50-GHz CMOS Low-Noise Amplifier With Three-Stage Gm-Boo
2026-07-01 21:59:43 [INFO] daily_posts: [16/25] 已获取: Deterministic Initialization for Improved Convergence of NTL
2026-07-01 22:00:05 [INFO] daily_posts: [17/25] 已获取: A THz High-Isolation Radial Power Combiner Based on a Multip
2026-07-01 22:00:25 [INFO] daily_posts: [18/25] 已获取: Miniature Dual-Band Balanced Quadrature Coupler With High Co
2026-07-01 22:00:46 [INFO] daily_posts: [19/25] 已获取: Custom Two-Port VNA Design and Operation as a Synchronizatio
2026-07-01 22:01:06 [INFO] daily_posts: [20/25] 已获取: A 6–12-GHz Wideband Noise-Canceling CMOS LNA Chip With Dual-
2026-07-01 22:01:20 [INFO] daily_posts: [21/25] 已获取: Compact 250–325-GHz Vector Modulators for 2-D-Scalable Phase
2026-07-01 22:01:34 [INFO] daily_posts: [22/25] 已获取: Improving Microwave Heating Uniformity by Inserting a Spark-
2026-07-01 22:01:55 [INFO] daily_posts: [23/25] 已获取: A 110–135-GHz Ultracompact True Time Delay With Low Delay Va
2026-07-01 22:02:16 [INFO] daily_posts: [24/25] 已获取: Balanced Wideband Filtering Phase Shifter With Low Phase Dev
2026-07-01 22:02:36 [INFO] daily_posts: [25/25] 已获取: A Co-Designed ESD Protection and Bypass Circuit for Wideband
2026-07-01 22:02:36 [INFO] daily_posts: 期刊 IEEE Microwave and Wireless Technology Letters 抓取完成，成功 25 篇
2026-07-01 22:02:36 [INFO] daily_posts: 期刊 IEEE Microwave and Wireless Technology Letters: 抓取 25 篇，新增 25 篇
2026-07-01 22:03:14 [INFO] daily_posts: 将发送 4 条企业微信消息
2026-07-01 22:03:15 [INFO] daily_posts: 企业微信消息 1/4 发送成功
2026-07-01 22:03:15 [INFO] daily_posts: 企业微信消息 2/4 发送成功
2026-07-01 22:03:15 [INFO] daily_posts: 企业微信消息 3/4 发送成功
2026-07-01 22:03:15 [INFO] daily_posts: 企业微信消息 4/4 发送成功
2026-07-01 22:03:15 [INFO] daily_posts: 任务完成
2026-07-01 23:02:28 [INFO] daily_posts: ==================================================
2026-07-01 23:02:28 [INFO] daily_posts: IEEE Early Access 日报任务启动
2026-07-01 23:02:28 [INFO] daily_posts: 关键词语料库: ['power amplifier', 'Doherty']
2026-07-01 23:02:28 [INFO] daily_posts: 开始抓取期刊: IEEE Microwave and Wireless Technology Letters (punumber=9944983)
2026-07-01 23:02:29 [INFO] daily_posts: 加载期刊主页: https://ieeexplore.ieee.org/xpl/RecentIssue.jsp?punumber=9944983
2026-07-01 23:02:56 [INFO] daily_posts: 已点击 Early Access 标签
2026-07-01 23:03:03 [INFO] daily_posts: 从列表页解析到 25 篇文章（含标题）
2026-07-01 23:03:03 [INFO] daily_posts: 期刊 IEEE Microwave and Wireless Technology Letters 共发现 25 篇 Early Access 文章
2026-07-01 23:03:03 [INFO] daily_posts: 过滤后新文章 25 篇
2026-07-01 23:03:03 [INFO] daily_posts: 期刊 IEEE Microwave and Wireless Technology Letters: 匹配 3 篇，其他 22 篇
2026-07-01 23:03:24 [INFO] daily_posts: [匹配 1/3] 已抓取摘要: Performance and Stability of D-Band Power Amplifiers Based o
2026-07-01 23:03:41 [INFO] daily_posts: [匹配 2/3] 已抓取摘要: A 1-MHz Pulse Repetition Frequency Wideband GaN Pulsed Power
2026-07-01 23:03:59 [INFO] daily_posts: [匹配 3/3] 已抓取摘要: A 15.9–40.2 GHz Power Amplifier With Gain-Preshaping Capacit
2026-07-01 23:03:59 [INFO] daily_posts: 期刊 IEEE Microwave and Wireless Technology Letters 抓取完成
2026-07-01 23:03:59 [INFO] daily_posts: 期刊 IEEE Microwave and Wireless Technology Letters: 匹配 3 篇，其他 22 篇
2026-07-01 23:04:12 [INFO] daily_posts: 批量翻译 22 个标题，成功 22 个
2026-07-01 23:04:12 [INFO] daily_posts: 将发送 2 条企业微信消息
2026-07-01 23:04:12 [INFO] daily_posts: 企业微信消息 1/2 发送成功
2026-07-01 23:04:12 [INFO] daily_posts: 企业微信消息 2/2 发送成功
2026-07-01 23:04:12 [INFO] daily_posts: 任务完成
2026-07-01 23:12:52 [INFO] daily_posts: ==================================================
2026-07-01 23:12:52 [INFO] daily_posts: IEEE Early Access 日报任务启动
2026-07-01 23:12:52 [INFO] daily_posts: 关键词语料库: ['power amplifier', 'Doherty']
2026-07-01 23:12:52 [INFO] daily_posts: 开始抓取期刊: IEEE Microwave and Wireless Technology Letters (punumber=9944983)
2026-07-01 23:12:53 [INFO] daily_posts: 加载期刊主页: https://ieeexplore.ieee.org/xpl/RecentIssue.jsp?punumber=9944983
2026-07-01 23:13:39 [INFO] daily_posts: 已点击 Early Access 标签
2026-07-01 23:14:03 [INFO] daily_posts: 从列表页解析到 25 篇文章（含标题）
2026-07-01 23:14:03 [INFO] daily_posts: 期刊 IEEE Microwave and Wireless Technology Letters 共发现 25 篇 Early Access 文章
2026-07-01 23:14:03 [INFO] daily_posts: 过滤后新文章 25 篇
2026-07-01 23:14:03 [INFO] daily_posts: 期刊 IEEE Microwave and Wireless Technology Letters: 匹配 3 篇，其他 22 篇
2026-07-01 23:14:22 [INFO] daily_posts: [匹配 1/3] 已抓取摘要: Performance and Stability of D-Band Power Amplifiers Based o
2026-07-01 23:14:57 [INFO] daily_posts: [匹配 2/3] 已抓取摘要: A 1-MHz Pulse Repetition Frequency Wideband GaN Pulsed Power
2026-07-01 23:15:14 [INFO] daily_posts: [匹配 3/3] 已抓取摘要: A 15.9–40.2 GHz Power Amplifier With Gain-Preshaping Capacit
2026-07-01 23:15:14 [INFO] daily_posts: 期刊 IEEE Microwave and Wireless Technology Letters 抓取完成
2026-07-01 23:15:14 [INFO] daily_posts: 期刊 IEEE Microwave and Wireless Technology Letters: 匹配 3 篇，其他 22 篇
2026-07-01 23:15:26 [INFO] daily_posts: 批量翻译 22 个标题，成功 22 个
2026-07-01 23:15:26 [INFO] daily_posts: 将发送 3 条企业微信消息
2026-07-01 23:15:27 [INFO] daily_posts: 企业微信消息 1/3 发送成功
2026-07-01 23:15:27 [INFO] daily_posts: 企业微信消息 2/3 发送成功
2026-07-01 23:15:27 [INFO] daily_posts: 企业微信消息 3/3 发送成功
2026-07-01 23:15:27 [INFO] daily_posts: 任务完成
2026-07-01 23:21:23 [INFO] daily_posts: ==================================================
2026-07-01 23:21:23 [INFO] daily_posts: IEEE Early Access 日报任务启动
2026-07-01 23:21:23 [INFO] daily_posts: 关键词语料库: ['power amplifier', 'Doherty']
2026-07-01 23:21:23 [INFO] daily_posts: 开始抓取期刊: IEEE Microwave and Wireless Technology Letters (punumber=9944983)
2026-07-01 23:21:24 [INFO] daily_posts: 加载期刊主页: https://ieeexplore.ieee.org/xpl/RecentIssue.jsp?punumber=9944983
2026-07-01 23:21:49 [INFO] daily_posts: 已点击 Early Access 标签
2026-07-01 23:21:57 [INFO] daily_posts: 从列表页解析到 25 篇文章（含标题）
2026-07-01 23:21:57 [INFO] daily_posts: 期刊 IEEE Microwave and Wireless Technology Letters 共发现 25 篇 Early Access 文章
2026-07-01 23:21:57 [INFO] daily_posts: 过滤后新文章 25 篇
2026-07-01 23:21:57 [INFO] daily_posts: 期刊 IEEE Microwave and Wireless Technology Letters: 匹配 3 篇，其他 22 篇
2026-07-01 23:22:19 [INFO] daily_posts: [匹配 1/3] 已抓取摘要: Performance and Stability of D-Band Power Amplifiers Based o
2026-07-01 23:22:50 [INFO] daily_posts: [匹配 2/3] 已抓取摘要: A 1-MHz Pulse Repetition Frequency Wideband GaN Pulsed Power
2026-07-01 23:23:08 [INFO] daily_posts: [匹配 3/3] 已抓取摘要: A 15.9–40.2 GHz Power Amplifier With Gain-Preshaping Capacit
2026-07-01 23:23:08 [INFO] daily_posts: 期刊 IEEE Microwave and Wireless Technology Letters 抓取完成
2026-07-01 23:23:08 [INFO] daily_posts: 期刊 IEEE Microwave and Wireless Technology Letters: 匹配 3 篇，其他 22 篇
2026-07-01 23:23:21 [INFO] daily_posts: 批量翻译 22 个标题，成功 22 个
2026-07-01 23:23:21 [INFO] daily_posts: 将发送 3 条企业微信消息
2026-07-01 23:23:21 [INFO] daily_posts: 企业微信消息 1/3 发送成功
2026-07-01 23:23:21 [INFO] daily_posts: 企业微信消息 2/3 发送成功
2026-07-01 23:23:21 [INFO] daily_posts: 企业微信消息 3/3 发送成功
2026-07-01 23:23:21 [INFO] daily_posts: 任务完成
2026-07-02 11:56:26 [INFO] daily_posts: ==================================================
2026-07-02 11:56:26 [INFO] daily_posts: IEEE Early Access 日报任务启动
2026-07-02 11:56:26 [INFO] daily_posts: 关键词语料库: ['power amplifier', 'Doherty']
2026-07-02 11:56:26 [INFO] daily_posts: 开始抓取期刊: IEEE Microwave and Wireless Technology Letters (punumber=9944983)
2026-07-02 11:56:29 [INFO] daily_posts: 加载期刊主页: https://ieeexplore.ieee.org/xpl/RecentIssue.jsp?punumber=9944983
2026-07-02 11:56:43 [INFO] daily_posts: 已点击 Early Access 标签
2026-07-02 11:56:48 [INFO] daily_posts: 从列表页解析到 25 篇文章（含标题）
2026-07-02 11:56:48 [INFO] daily_posts: 期刊 IEEE Microwave and Wireless Technology Letters 共发现 25 篇 Early Access 文章
2026-07-02 11:56:48 [INFO] daily_posts: 过滤后新文章 0 篇
2026-07-02 11:56:48 [INFO] daily_posts: 期刊 IEEE Microwave and Wireless Technology Letters: 匹配 0 篇，其他 0 篇
2026-07-02 11:56:49 [INFO] daily_posts: 无新文章，已发送空提示
2026-07-02 11:56:49 [INFO] daily_posts: 任务完成
2026-07-02 14:35:33 [INFO] daily_posts: ==================================================
2026-07-02 14:35:33 [INFO] daily_posts: IEEE Early Access 日报任务启动
2026-07-02 14:35:33 [INFO] daily_posts: 关键词语料库: ['Amplifier', 'Doherty', 'MMIC', 'PA']
2026-07-02 14:35:33 [INFO] daily_posts: 开始抓取期刊: IEEE Microwave and Wireless Technology Letters (punumber=9944983)
2026-07-02 14:35:34 [INFO] daily_posts: 加载期刊主页: https://ieeexplore.ieee.org/xpl/RecentIssue.jsp?punumber=9944983
2026-07-02 14:35:56 [INFO] daily_posts: 已点击 Early Access 标签
2026-07-02 14:36:18 [INFO] daily_posts: 从列表页解析到 25 篇文章（含标题）
2026-07-02 14:36:18 [INFO] daily_posts: 期刊 IEEE Microwave and Wireless Technology Letters 共发现 25 篇 Early Access 文章
2026-07-02 14:36:18 [INFO] daily_posts: 过滤后新文章 25 篇
2026-07-02 14:36:18 [INFO] daily_posts: 期刊 IEEE Microwave and Wireless Technology Letters: 匹配 4 篇，其他 21 篇
2026-07-02 14:36:36 [INFO] daily_posts: [匹配 1/4] 已抓取摘要: Performance and Stability of D-Band Power Amplifiers Based o
2026-07-02 14:37:02 [INFO] daily_posts: [匹配 2/4] 已抓取摘要: A 1-MHz Pulse Repetition Frequency Wideband GaN Pulsed Power
2026-07-02 14:37:08 [INFO] daily_posts: [匹配 3/4] 已抓取摘要: A 15.9–40.2 GHz Power Amplifier With Gain-Preshaping Capacit
2026-07-02 14:37:25 [INFO] daily_posts: [匹配 4/4] 已抓取摘要: A 31–50-GHz CMOS Low-Noise Amplifier With Three-Stage Gm-Boo
2026-07-02 14:37:26 [INFO] daily_posts: 期刊 IEEE Microwave and Wireless Technology Letters 抓取完成
2026-07-02 14:37:26 [INFO] daily_posts: 期刊 IEEE Microwave and Wireless Technology Letters: 匹配 4 篇，其他 21 篇
2026-07-02 14:37:32 [INFO] daily_posts: 将发送 1 条企业微信消息
2026-07-02 14:37:32 [INFO] daily_posts: 企业微信消息 1/1 发送成功
2026-07-02 14:37:32 [INFO] daily_posts: 任务完成
2026-07-02 14:49:42 [INFO] daily_posts: ==================================================
2026-07-02 14:49:42 [INFO] daily_posts: IEEE Early Access 日报任务启动
2026-07-02 14:49:42 [INFO] daily_posts: 关键词语料库: ['Amplifier', 'Doherty', 'MMIC', 'PA']
2026-07-02 14:49:42 [INFO] daily_posts: 开始抓取期刊: IEEE Microwave and Wireless Technology Letters (punumber=9944983)
2026-07-02 14:49:43 [INFO] daily_posts: 加载期刊主页: https://ieeexplore.ieee.org/xpl/RecentIssue.jsp?punumber=9944983
2026-07-02 14:50:00 [INFO] daily_posts: 已点击 Early Access 标签
2026-07-02 14:50:10 [INFO] daily_posts: 从列表页解析到 25 篇文章（含标题）
2026-07-02 14:50:10 [INFO] daily_posts: 期刊 IEEE Microwave and Wireless Technology Letters 共发现 25 篇 Early Access 文章
2026-07-02 14:50:10 [INFO] daily_posts: 过滤后新文章 25 篇
2026-07-02 14:50:10 [INFO] daily_posts: 期刊 IEEE Microwave and Wireless Technology Letters: 匹配 4 篇，其他 21 篇
2026-07-02 14:50:31 [INFO] daily_posts: [匹配 1/4] 已抓取摘要: Performance and Stability of D-Band Power Amplifiers Based o
2026-07-02 14:50:48 [INFO] daily_posts: [匹配 2/4] 已抓取摘要: A 1-MHz Pulse Repetition Frequency Wideband GaN Pulsed Power
2026-07-02 14:51:06 [INFO] daily_posts: [匹配 3/4] 已抓取摘要: A 15.9–40.2 GHz Power Amplifier With Gain-Preshaping Capacit
2026-07-02 14:51:23 [INFO] daily_posts: [匹配 4/4] 已抓取摘要: A 31–50-GHz CMOS Low-Noise Amplifier With Three-Stage Gm-Boo
2026-07-02 14:51:23 [INFO] daily_posts: 期刊 IEEE Microwave and Wireless Technology Letters 抓取完成
2026-07-02 14:51:23 [INFO] daily_posts: 期刊 IEEE Microwave and Wireless Technology Letters: 匹配 4 篇，其他 21 篇
2026-07-02 14:51:30 [INFO] daily_posts: 将发送 1 条企业微信消息
2026-07-02 14:51:31 [INFO] daily_posts: 企业微信消息 1/1 发送成功
2026-07-02 14:51:31 [INFO] daily_posts: 任务完成
2026-07-02 15:18:57 [INFO] daily_posts: ==================================================
2026-07-02 15:18:57 [INFO] daily_posts: IEEE Early Access 日报任务启动
2026-07-02 15:18:57 [INFO] daily_posts: 关键词语料库: ['Amplifier', 'Doherty', 'MMIC', 'PA']
2026-07-02 15:18:57 [INFO] daily_posts: 开始抓取期刊: IEEE Microwave and Wireless Technology Letters (punumber=9944983)
2026-07-02 15:18:58 [INFO] daily_posts: 加载期刊主页: https://ieeexplore.ieee.org/xpl/RecentIssue.jsp?punumber=9944983
2026-07-02 15:19:17 [INFO] daily_posts: 已点击 Early Access 标签
2026-07-02 15:19:37 [INFO] daily_posts: 从列表页解析到 25 篇文章（含标题）
2026-07-02 15:19:37 [INFO] daily_posts: 期刊 IEEE Microwave and Wireless Technology Letters 共发现 25 篇 Early Access 文章
2026-07-02 15:19:37 [INFO] daily_posts: 过滤后新文章 25 篇
2026-07-02 15:19:37 [INFO] daily_posts: 期刊 IEEE Microwave and Wireless Technology Letters: 匹配 4 篇，其他 21 篇
2026-07-02 15:19:57 [INFO] daily_posts: [匹配 1/4] 已抓取摘要: Performance and Stability of D-Band Power Amplifiers Based o
2026-07-02 15:20:22 [INFO] daily_posts: [匹配 2/4] 已抓取摘要: A 1-MHz Pulse Repetition Frequency Wideband GaN Pulsed Power
2026-07-02 15:20:28 [INFO] daily_posts: [匹配 3/4] 已抓取摘要: A 15.9–40.2 GHz Power Amplifier With Gain-Preshaping Capacit
2026-07-02 15:20:45 [INFO] daily_posts: [匹配 4/4] 已抓取摘要: A 31–50-GHz CMOS Low-Noise Amplifier With Three-Stage Gm-Boo
2026-07-02 15:20:46 [INFO] daily_posts: 期刊 IEEE Microwave and Wireless Technology Letters 抓取完成
2026-07-02 15:20:46 [INFO] daily_posts: 期刊 IEEE Microwave and Wireless Technology Letters: 匹配 4 篇，其他 21 篇
2026-07-02 15:20:53 [INFO] daily_posts: 将发送 1 条企业微信消息
2026-07-02 15:20:53 [INFO] daily_posts: 企业微信消息 1/1 发送成功
2026-07-02 15:20:53 [INFO] daily_posts: 开始抓取期刊: IEEE Transactions on Microwave Theory and Techniques (punumber=22)
2026-07-02 15:20:54 [INFO] daily_posts: 加载期刊主页: https://ieeexplore.ieee.org/xpl/RecentIssue.jsp?punumber=22
2026-07-02 15:21:25 [INFO] daily_posts: 已点击 Early Access 标签
2026-07-02 15:21:44 [INFO] daily_posts: 从列表页解析到 25 篇文章（含标题）
2026-07-02 15:21:44 [INFO] daily_posts: 期刊 IEEE Transactions on Microwave Theory and Techniques 共发现 25 篇 Early Access 文章
2026-07-02 15:21:44 [INFO] daily_posts: 过滤后新文章 25 篇
2026-07-02 15:21:44 [INFO] daily_posts: 期刊 IEEE Transactions on Microwave Theory and Techniques: 匹配 5 篇，其他 20 篇
2026-07-02 15:22:05 [INFO] daily_posts: [匹配 1/5] 已抓取摘要: Consistency Improvement Technique for Power Amplifier Module
2026-07-02 15:22:18 [INFO] daily_posts: [匹配 2/5] 已抓取摘要: Design of Power Amplifiers Based on Contour-Superposed Trans
2026-07-02 15:22:31 [INFO] daily_posts: [匹配 3/5] 已抓取摘要: Digitally Tunable SIW MMIC Resonators for E Band and mmWave
2026-07-02 15:22:42 [INFO] daily_posts: [匹配 4/5] 已抓取摘要: Ultrawideband Multiprobe Reflectometer Designated for MMIC T
2026-07-02 15:22:54 [INFO] daily_posts: [匹配 5/5] 已抓取摘要: Active GaAs and GaN MMIC Circulators With Gain
2026-07-02 15:22:55 [INFO] daily_posts: 期刊 IEEE Transactions on Microwave Theory and Techniques 抓取完成
2026-07-02 15:22:55 [INFO] daily_posts: 期刊 IEEE Transactions on Microwave Theory and Techniques: 匹配 5 篇，其他 20 篇
2026-07-02 15:23:02 [INFO] daily_posts: 将发送 1 条企业微信消息
2026-07-02 15:23:02 [INFO] daily_posts: 企业微信消息 1/1 发送成功
2026-07-02 15:23:02 [INFO] daily_posts: 任务完成
2026-07-02 15:38:37 [INFO] daily_posts: ==================================================
2026-07-02 15:38:37 [INFO] daily_posts: IEEE Early Access 日报任务启动
2026-07-02 15:38:37 [INFO] daily_posts: 关键词语料库: ['Amplifier', 'Doherty', 'MMIC', 'PA']
2026-07-02 15:38:37 [INFO] daily_posts: 开始抓取期刊: IEEE Microwave and Wireless Technology Letters (punumber=9944983)
2026-07-02 15:38:38 [INFO] daily_posts: 加载期刊主页: https://ieeexplore.ieee.org/xpl/RecentIssue.jsp?punumber=9944983
2026-07-02 15:38:59 [INFO] daily_posts: 已点击 Early Access 标签
2026-07-02 15:39:20 [INFO] daily_posts: 从列表页解析到 25 篇文章（含标题）
2026-07-02 15:39:20 [INFO] daily_posts: 期刊 IEEE Microwave and Wireless Technology Letters 共发现 25 篇 Early Access 文章
2026-07-02 15:39:20 [INFO] daily_posts: 过滤后新文章 0 篇
2026-07-02 15:39:20 [INFO] daily_posts: 期刊 IEEE Microwave and Wireless Technology Letters: 匹配 0 篇，其他 0 篇
2026-07-02 15:39:20 [INFO] daily_posts: 无匹配文章，已发送提示
2026-07-02 15:39:20 [INFO] daily_posts: 开始抓取期刊: IEEE Transactions on Microwave Theory and Techniques (punumber=22)
2026-07-02 15:39:21 [INFO] daily_posts: 加载期刊主页: https://ieeexplore.ieee.org/xpl/RecentIssue.jsp?punumber=22
2026-07-02 15:39:45 [INFO] daily_posts: 已点击 Early Access 标签
2026-07-02 15:40:08 [INFO] daily_posts: 从列表页解析到 25 篇文章（含标题）
2026-07-02 15:40:08 [INFO] daily_posts: 期刊 IEEE Transactions on Microwave Theory and Techniques 共发现 25 篇 Early Access 文章
2026-07-02 15:40:08 [INFO] daily_posts: 过滤后新文章 0 篇
2026-07-02 15:40:09 [INFO] daily_posts: 期刊 IEEE Transactions on Microwave Theory and Techniques: 匹配 0 篇，其他 0 篇
2026-07-02 15:40:09 [INFO] daily_posts: 无匹配文章，已发送提示
2026-07-02 15:40:09 [INFO] daily_posts: 开始抓取期刊: IEEE Transactions on Circuits and Systems II: Express Briefs (punumber=8920)
2026-07-02 15:40:10 [INFO] daily_posts: 加载期刊主页: https://ieeexplore.ieee.org/xpl/RecentIssue.jsp?punumber=8920
2026-07-02 15:40:30 [INFO] daily_posts: 已点击 Early Access 标签
2026-07-02 15:40:49 [INFO] daily_posts: 从列表页解析到 25 篇文章（含标题）
2026-07-02 15:40:49 [INFO] daily_posts: 期刊 IEEE Transactions on Circuits and Systems II: Express Briefs 共发现 25 篇 Early Access 文章
2026-07-02 15:40:49 [INFO] daily_posts: 过滤后新文章 25 篇
2026-07-02 15:40:49 [INFO] daily_posts: 期刊 IEEE Transactions on Circuits and Systems II: Express Briefs: 匹配 2 篇，其他 23 篇
2026-07-02 15:41:08 [INFO] daily_posts: [匹配 1/2] 已抓取摘要: A Highly Integrated Analog Front-End Combining Level Shifter
2026-07-02 15:41:19 [INFO] daily_posts: [匹配 2/2] 已抓取摘要: Design and Analysis of a Ka-Band CMOS Power Amplifier Employ
2026-07-02 15:41:19 [INFO] daily_posts: 期刊 IEEE Transactions on Circuits and Systems II: Express Briefs 抓取完成
2026-07-02 15:41:19 [INFO] daily_posts: 期刊 IEEE Transactions on Circuits and Systems II: Express Briefs: 匹配 2 篇，其他 23 篇
2026-07-02 15:41:22 [INFO] daily_posts: 将发送 1 条企业微信消息
2026-07-02 15:41:22 [INFO] daily_posts: 企业微信消息 1/1 发送成功
2026-07-02 15:41:22 [INFO] daily_posts: 任务完成
2026-07-02 15:47:14 [INFO] daily_posts: ==================================================
2026-07-02 15:47:14 [INFO] daily_posts: IEEE Early Access 日报任务启动
2026-07-02 15:47:14 [INFO] daily_posts: 关键词语料库: ['Amplifier', 'Doherty', 'MMIC', 'PA']
2026-07-02 15:47:14 [INFO] daily_posts: 开始抓取期刊: IEEE Microwave and Wireless Technology Letters (punumber=9944983)
2026-07-02 15:47:15 [INFO] daily_posts: 加载期刊主页: https://ieeexplore.ieee.org/xpl/RecentIssue.jsp?punumber=9944983
2026-07-02 15:47:39 [INFO] daily_posts: 已点击 Early Access 标签
2026-07-02 15:48:00 [INFO] daily_posts: 从列表页解析到 25 篇文章（含标题）
2026-07-02 15:48:00 [INFO] daily_posts: 期刊 IEEE Microwave and Wireless Technology Letters 共发现 25 篇 Early Access 文章
2026-07-02 15:48:00 [INFO] daily_posts: 过滤后新文章 0 篇
2026-07-02 15:48:01 [INFO] daily_posts: 期刊 IEEE Microwave and Wireless Technology Letters: 匹配 0 篇，其他 0 篇
2026-07-02 15:48:01 [INFO] daily_posts: 无匹配文章，已发送提示
2026-07-02 15:48:01 [INFO] daily_posts: 开始抓取期刊: IEEE Transactions on Microwave Theory and Techniques (punumber=22)
2026-07-02 15:48:02 [INFO] daily_posts: 加载期刊主页: https://ieeexplore.ieee.org/xpl/RecentIssue.jsp?punumber=22
2026-07-02 15:48:26 [INFO] daily_posts: 已点击 Early Access 标签
2026-07-02 15:48:47 [INFO] daily_posts: 从列表页解析到 25 篇文章（含标题）
2026-07-02 15:48:47 [INFO] daily_posts: 期刊 IEEE Transactions on Microwave Theory and Techniques 共发现 25 篇 Early Access 文章
2026-07-02 15:48:47 [INFO] daily_posts: 过滤后新文章 0 篇
2026-07-02 15:48:48 [INFO] daily_posts: 期刊 IEEE Transactions on Microwave Theory and Techniques: 匹配 0 篇，其他 0 篇
2026-07-02 15:48:48 [INFO] daily_posts: 无匹配文章，已发送提示
2026-07-02 15:48:48 [INFO] daily_posts: 开始抓取期刊: IEEE Transactions on Circuits and Systems II: Express Briefs (punumber=8920)
2026-07-02 15:48:49 [INFO] daily_posts: 加载期刊主页: https://ieeexplore.ieee.org/xpl/RecentIssue.jsp?punumber=8920
2026-07-02 15:49:07 [INFO] daily_posts: 已点击 Early Access 标签
2026-07-02 15:49:22 [INFO] daily_posts: 从列表页解析到 25 篇文章（含标题）
2026-07-02 15:49:22 [INFO] daily_posts: 期刊 IEEE Transactions on Circuits and Systems II: Express Briefs 共发现 25 篇 Early Access 文章
2026-07-02 15:49:22 [INFO] daily_posts: 过滤后新文章 0 篇
2026-07-02 15:49:23 [INFO] daily_posts: 期刊 IEEE Transactions on Circuits and Systems II: Express Briefs: 匹配 0 篇，其他 0 篇
2026-07-02 15:49:23 [INFO] daily_posts: 无匹配文章，已发送提示
2026-07-02 15:49:23 [INFO] daily_posts: 开始抓取期刊: IEEE Transactions on Circuits and Systems I: Regular Papers (punumber=8919)
2026-07-02 15:49:24 [INFO] daily_posts: 加载期刊主页: https://ieeexplore.ieee.org/xpl/RecentIssue.jsp?punumber=8919
2026-07-02 15:49:43 [INFO] daily_posts: 已点击 Early Access 标签
2026-07-02 15:50:05 [INFO] daily_posts: 从列表页解析到 25 篇文章（含标题）
2026-07-02 15:50:05 [INFO] daily_posts: 期刊 IEEE Transactions on Circuits and Systems I: Regular Papers 共发现 25 篇 Early Access 文章
2026-07-02 15:50:05 [INFO] daily_posts: 过滤后新文章 25 篇
2026-07-02 15:50:05 [INFO] daily_posts: 期刊 IEEE Transactions on Circuits and Systems I: Regular Papers: 匹配 2 篇，其他 23 篇
2026-07-02 15:50:24 [INFO] daily_posts: [匹配 1/2] 已抓取摘要: Deep Learning-Driven Black-Box Doherty Power Amplifier With 
2026-07-02 15:50:33 [INFO] daily_posts: [匹配 2/2] 已抓取摘要: A Dual-Mode TFT-LCD Driver Buffer Amplifier With Enhanced En
2026-07-02 15:50:33 [INFO] daily_posts: 期刊 IEEE Transactions on Circuits and Systems I: Regular Papers 抓取完成
2026-07-02 15:50:33 [INFO] daily_posts: 期刊 IEEE Transactions on Circuits and Systems I: Regular Papers: 匹配 2 篇，其他 23 篇
2026-07-02 15:50:37 [INFO] daily_posts: 将发送 1 条企业微信消息
2026-07-02 15:50:37 [INFO] daily_posts: 企业微信消息 1/1 发送成功
2026-07-02 15:50:37 [INFO] daily_posts: 任务完成
